<?xml version="1.0" encoding="UTF-8"?>
<!-- Generated by org.testng.reporters.JUnitReportReporter -->
<testsuite hostname="DESKTOP-4D8DAE1" failures="0" tests="3" name="qa.tests.samplePageDemo" time="243.332" errors="0" timestamp="2025-02-16T14:54:44 IST" skipped="0">
  <testcase classname="qa.tests.samplePageDemo" name="TestCase2" time="71.437"/>
  <testcase classname="qa.tests.samplePageDemo" name="TestCase1" time="76.881"/>
  <testcase classname="qa.tests.samplePageDemo" name="TestCase1" time="95.014"/>
</testsuite> <!-- qa.tests.samplePageDemo -->
