<?xml version="1.0" encoding="UTF-8"?>
<!-- Generated by org.testng.reporters.JUnitReportReporter -->
<testsuite hostname="DESKTOP-4D8DAE1" failures="0" tests="2" name="qa.tests.ExcelReader" time="0.058" errors="0" timestamp="2025-02-03T15:04:56 IST" skipped="0">
  <testcase classname="qa.tests.ExcelReader" name="main" time="0.004"/>
  <testcase classname="qa.tests.ExcelReader" name="main" time="0.054"/>
</testsuite> <!-- qa.tests.ExcelReader -->
